C51 COMPILER V9.52.0.0   BTH2_VANDE5                                                       11/09/2022 13:15:39 PAGE 1   


C51 COMPILER V9.52.0.0, COMPILATION OF MODULE BTH2_VANDE5
OBJECT MODULE PLACED IN BTH2-vande5.OBJ
COMPILER INVOKED BY: C:\Keil\C51\BIN\C51.EXE BTH2-vande5.c BROWSE DEBUG OBJECTEXTEND TABS(2)

line level    source

   1          #include "REG51.H"
   2          
   3          #define CLK_H P2 |= 0x01
   4          #define CLK_L P2 &= 0xFE
   5          #define DAT_H P2 |= 0x02
   6          #define DAT_L P2 &= 0xFD
   7          #define LAT_H P2 |= 0x04
   8          #define LAT_L P2 &= 0xFB
   9          
  10          void delay_ms(unsigned char ms);
  11          
  12          void shiftOut(unsigned char dt);
  13          void show_led(unsigned int num);
  14          unsigned int count = 0;
  15          
  16          unsigned char stt = 0;
  17          
  18          unsigned char led_buf[10] = {
  19            0xC0,
  20            0xF9,
  21            0xA4,
  22            0xB0,
  23            0x99,
  24            0x92,
  25            0x82,
  26            0xF8,
  27            0x80,
  28            0x90
  29          };
  30          
  31          int main(void){
  32   1        TMOD |= (1<<4);
  33   1        TCON |= (1<<6);
  34   1        P3 = 0x01;
  35   1        P1 = 0;
  36   1        while(1){
  37   2            unsigned char i = 0;
  38   2            for(i=0; i<2; i++){
  39   3              show_led(count);
  40   3            }
  41   2            if(stt == 0) {
  42   3                count++;
  43   3                if(count/10 == 0) P1 = 0;
  44   3                else P1 |= (1<<(count/10 - 1));
  45   3            }
  46   2            else {
  47   3                count--;
  48   3      //            if(count/10 != 8)
  49   3                  P1 &=~ (1<<(count/10));
  50   3            }
  51   2            if(count == 90 || count == 0) stt = !stt;
  52   2        }
  53   1        return 0;
  54   1      }
  55          
C51 COMPILER V9.52.0.0   BTH2_VANDE5                                                       11/09/2022 13:15:39 PAGE 2   

  56          void delay_ms(unsigned char ms){
  57   1        int i = 0;
  58   1        for(i = 0; i < ms; i++){
  59   2          TL1 = 0x30;
  60   2          TH1 = 0xFC;
  61   2          while(!(TCON & (1<<7)));
  62   2          TCON &=~ (1<<7);
  63   2        }
  64   1      }
  65          
  66          void shiftOut(unsigned char dt){
  67   1          unsigned char i=0;
  68   1          for(i=0; i<8; i++){
  69   2              CLK_L;
  70   2             if(dt & (0x80 >> i)) DAT_H;
  71   2             else DAT_L;
  72   2              // P2 = P2&0xFD | ((dt >> (7-i)) << 1);
  73   2              CLK_H;
  74   2          }
  75   1      }
  76          
  77          void show_led(unsigned int num){
  78   1        unsigned int tmp = num;
  79   1        unsigned char i = 0;
  80   1        for(i = 0; i < 4; i++){
  81   2          P3 = (0x08 >> i);
  82   2          LAT_L;
  83   2          shiftOut(led_buf[tmp%10]);
  84   2          LAT_H;
  85   2          delay_ms(7);
  86   2          tmp = tmp/10;
  87   2        }
  88   1      }
  89          
  90          
  91          
  92          
  93          
  94          
  95          
*** WARNING C294 IN LINE 53 OF BTH2-vande5.c: unreachable code


MODULE INFORMATION:   STATIC OVERLAYABLE
   CODE SIZE        =    297    ----
   CONSTANT SIZE    =   ----    ----
   XDATA SIZE       =   ----    ----
   PDATA SIZE       =   ----    ----
   DATA SIZE        =     13       3
   IDATA SIZE       =   ----    ----
   BIT SIZE         =   ----    ----
END OF MODULE INFORMATION.


C51 COMPILATION COMPLETE.  1 WARNING(S),  0 ERROR(S)
