C51 COMPILER V9.52.0.0   EX_INT2                                                           11/09/2022 14:08:42 PAGE 1   


C51 COMPILER V9.52.0.0, COMPILATION OF MODULE EX_INT2
OBJECT MODULE PLACED IN ex_int2.OBJ
COMPILER INVOKED BY: C:\Keil\C51\BIN\C51.EXE ex_int2.c BROWSE DEBUG OBJECTEXTEND TABS(2)

line level    source

   1          #include <at89x51.h>
   2          //Khai bao bien toan cuc
   3          int count=0;
   4          //Chuong trinh tao do tre
   5          void delay(int interval)
   6          { 
   7   1        int i,j;
   8   1        for(i=0;i<100;i++)
   9   1        {
  10   2          for(j=0;j<interval;j++);
  11   2        }
  12   1      }
  13          //Chuong trinh hien thi den led 7 thanh (khong dieu khien dot)
  14          void output_7seg(unsigned char value)
  15          { 
  16   1      unsigned char const
  17   1      mask[10]={0xC0, 0xF9,
  18   1      0xA4, 0xB0, 0x99, 0x92,
  19   1      0x82, 0xF8, 0x80, 0x90};
  20   1      if(value<10){
  21   2        P0=mask[value];}
  22   1      }
  23          //Chuong trinh con xu ly ngat ngoai 0
  24          void EXT0_Process()
  25          interrupt 0{
  26   1        EA=0; //Cam ngat
  27   1        count++;
  28   1        EA=1; //Cho phep ngat
  29   1      }
  30          //Chuong trinh con hien thi so (<9999)
  31          void display_number(int iNum)
  32          {
  33   1        int i;
  34   1        unsigned char pos=0x08;
  35   1        unsigned char temp;
  36   1        for(i=0;i<4;i++){
  37   2          temp=iNum%10;
  38   2          iNum=iNum/10;
  39   2          P2=pos;
  40   2          output_7seg(temp);
  41   2          delay(5);
  42   2          pos=pos>>1;
  43   2      }}  
  44          //Chuong trinh khoi tao he thong
  45          void init(){
  46   1        P3_2=1; //Thiet lap chan P3_2 lam chan vao
  47   1        IE=0x81; //Cho phep ngat ngoai 0
  48   1        IT0=1; //Ngat theo suon
  49   1      } 
  50          void main(){
  51   1        init();
  52   1        while(1){display_number(count);}
  53   1      }


C51 COMPILER V9.52.0.0   EX_INT2                                                           11/09/2022 14:08:42 PAGE 2   

MODULE INFORMATION:   STATIC OVERLAYABLE
   CODE SIZE        =    193    ----
   CONSTANT SIZE    =     10    ----
   XDATA SIZE       =   ----    ----
   PDATA SIZE       =   ----    ----
   DATA SIZE        =      2      17
   IDATA SIZE       =   ----    ----
   BIT SIZE         =   ----    ----
END OF MODULE INFORMATION.


C51 COMPILATION COMPLETE.  0 WARNING(S),  0 ERROR(S)
