C51 COMPILER V9.52.0.0   VD6                                                               11/09/2022 14:18:12 PAGE 1   


C51 COMPILER V9.52.0.0, COMPILATION OF MODULE VD6
OBJECT MODULE PLACED IN VD6.OBJ
COMPILER INVOKED BY: C:\Keil\C51\BIN\C51.EXE VD6.C BROWSE DEBUG OBJECTEXTEND TABS(2)

line level    source

   1          #include <at89x51.h>
   2          //tao do tre chinh xac su dung Timer
   3          void delay_hardware_50ms(){
   4   1        TMOD=TMOD & 0xF0;//Xoa thiet lap Timer0
   5   1        TMOD=TMOD / 0x01;
   6   1      ET0=0;//Khong phat sinh ngat
   7   1      TH0=0x3C;//Thiet lap gia tri khoi dau la 3CB0   
   8   1      TL0=0xB0;//Tuong duong 15536 he 10
   9   1      TF0=0; //Xoa co tran timer  
  10   1      TR0=1; //Khoi dong timer  
  11   1      while(TF0==0);//Cho den khi tran
  12   1      TR0=0; //Dung timer 0
  13   1      }
  14          //Chuong trinh tao tre chinh xac  
  15          void delay_hardware_1s(){
  16   1      int i;
  17   1      for(i=0;i<20;i++){delay_hardware_50ms();}
  18   1      }
  19          void main()
  20          {
  21   1      while(1)
  22   1      {
  23   2      P1=0xAA;
  24   2      delay_hardware_1s();
  25   2      P1=0x55;
  26   2      delay_hardware_1s();
  27   2      }
  28   1      }


MODULE INFORMATION:   STATIC OVERLAYABLE
   CODE SIZE        =     56    ----
   CONSTANT SIZE    =   ----    ----
   XDATA SIZE       =   ----    ----
   PDATA SIZE       =   ----    ----
   DATA SIZE        =   ----    ----
   IDATA SIZE       =   ----    ----
   BIT SIZE         =   ----    ----
END OF MODULE INFORMATION.


C51 COMPILATION COMPLETE.  0 WARNING(S),  0 ERROR(S)
