C51 COMPILER V9.52.0.0   BAI1                                                              10/26/2022 16:07:14 PAGE 1   


C51 COMPILER V9.52.0.0, COMPILATION OF MODULE BAI1
OBJECT MODULE PLACED IN Bai1.OBJ
COMPILER INVOKED BY: C:\Keil\C51\BIN\C51.EXE Bai1.c BROWSE DEBUG OBJECTEXTEND TABS(2)

line level    source

   1          #include <at89x51.h>
   2          void delay(int interval){
   3   1        int i,j;
   4   1        for(i=0;i<255;i++){
   5   2          for(j=0;j<interval;j++);}}
   6          void main(){
   7   1          while(1){
   8   2            P0=0X55;
   9   2            delay(100);
  10   2            P0=0XAA;
  11   2            delay(100);}}
  12                


MODULE INFORMATION:   STATIC OVERLAYABLE
   CODE SIZE        =     55    ----
   CONSTANT SIZE    =   ----    ----
   XDATA SIZE       =   ----    ----
   PDATA SIZE       =   ----    ----
   DATA SIZE        =   ----    ----
   IDATA SIZE       =   ----    ----
   BIT SIZE         =   ----    ----
END OF MODULE INFORMATION.


C51 COMPILATION COMPLETE.  0 WARNING(S),  0 ERROR(S)
